<?xml version="1.0" encoding="UTF-8"?>
<!-- Generated by org.testng.reporters.JUnitReportReporter -->
<testsuite hostname="DESKTOP-I5RB4A6" failures="0" tests="1" name="Practice.Sample1Test" time="0.011" errors="0" timestamp="2023-03-24T14:35:22 IST" skipped="0">
  <testcase classname="Practice.Sample1Test" name="Sample" time="0.011"/>
  <system-out/>
</testsuite> <!-- Practice.Sample1Test -->
