<?xml version="1.0" encoding="UTF-8"?>
<!-- Generated by org.testng.reporters.JUnitReportReporter -->
<testsuite hostname="DESKTOP-I5RB4A6" failures="0" tests="1" name="Practice.Sampletest" time="0.014" errors="0" timestamp="2023-03-22T12:07:03 IST" skipped="0">
  <testcase classname="Practice.Sampletest" name="Demo" time="0.014"/>
  <system-out/>
</testsuite> <!-- Practice.Sampletest -->
