<?xml version="1.0" encoding="UTF-8"?>
<!-- Generated by org.testng.reporters.JUnitReportReporter -->
<testsuite hostname="DESKTOP-I5RB4A6" failures="0" tests="1" name="Practice.NewClass" time="0.014" errors="0" timestamp="2023-03-27T12:51:36 IST" skipped="0">
  <testcase classname="Practice.NewClass" name="main" time="0.014"/>
  <system-out/>
</testsuite> <!-- Practice.NewClass -->
